C51 COMPILER V9.59.0.0   MAIN                                                              12/11/2022 10:54:25 PAGE 1   


C51 COMPILER V9.59.0.0, COMPILATION OF MODULE MAIN
OBJECT MODULE PLACED IN .\Objects\main.obj
COMPILER INVOKED BY: D:\Keil_v5\C51\BIN\C51.EXE main.c OPTIMIZE(8,SPEED) BROWSE DEBUG OBJECTEXTEND PRINT(.\Listings\main
                    -.lst) TABS(2) OBJECT(.\Objects\main.obj)

line level    source

   1          #include <REG52.H>
   2          #include "stdio.h"
   3          #include <INTRINS.H>
   4          sfr ADC_CONTR = 0xbc;
   5          sfr ADC_RES = 0xbd;
   6          sfr ADC_RESL = 0xbe;
   7          unsigned int volt;
   8          
   9          void Serial_init()
  10          {
  11   1          TMOD |= 0X20;
  12   1          TH1 = 0Xfd;
  13   1          TL1 = 0Xfd; // 设置波特率9600
  14   1          TR1 = 1;    // 开定时器1中断
  15   1          SM0 = 0;    // 工作方式1
  16   1          SM1 = 1;
  17   1          ES = 1; // 开始串口中断
  18   1          EA = 1; // 开总中断
  19   1          TI = 1;
  20   1      }
  21          unsigned int ADC(unsigned char channel)
  22          {
  23   1          ADC_CONTR = 0xe8 | (channel & 0x7);
  24   1          _nop_();
  25   1          _nop_();
  26   1          _nop_();
  27   1          _nop_();
  28   1          while (ADC_CONTR & 0x10)
  29   1              ;
  30   1          return (unsigned int)((unsigned int)(ADC_RES << 2) | (unsigned int)(ADC_RESL));
  31   1      }
  32          
  33          int main() 
  34          {
  35   1          Serial_init();
  36   1          while (1)
  37   1          {
  38   2              volt = ADC(0);
  39   2              printf("%d\n", volt);
  40   2          }
  41   1      }


MODULE INFORMATION:   STATIC OVERLAYABLE
   CODE SIZE        =     83    ----
   CONSTANT SIZE    =      4    ----
   XDATA SIZE       =   ----    ----
   PDATA SIZE       =   ----    ----
   DATA SIZE        =      2    ----
   IDATA SIZE       =   ----    ----
   BIT SIZE         =   ----    ----
END OF MODULE INFORMATION.


C51 COMPILATION COMPLETE.  0 WARNING(S),  0 ERROR(S)
