C51 COMPILER V9.60.0.0   MAIN                                                              11/24/2022 17:40:40 PAGE 1   


C51 COMPILER V9.60.0.0, COMPILATION OF MODULE MAIN
OBJECT MODULE PLACED IN .\Objects\main.obj
COMPILER INVOKED BY: D:\keilc51\C51\BIN\C51.EXE main.c OPTIMIZE(8,SPEED) BROWSE DEBUG OBJECTEXTEND PRINT(.\Listings\main
                    -.lst) TABS(2) OBJECT(.\Objects\main.obj)

line level    source

   1          #include <REGX51.H>
   2          #include "stdio.h"
   3          
   4          void Serial_init()
   5          {
   6   1          TMOD |= 0X20;
   7   1          TH1 = 0Xfd;
   8   1          TL1 = 0Xfd; // 设置波特率9600
   9   1          TR1 = 1;    // 开定时器1中断
  10   1          SM0 = 0;    // 工作方式1
  11   1          SM1 = 1;
  12   1          ES = 1; // 开始串口中断
  13   1          EA = 1; // 开总中断
  14   1          TI = 1;
  15   1      }
  16          
  17          int main() // 主函数
  18          {
  19   1          Serial_init(); // 串口初始化
  20   1          while (1)
  21   1          {
  22   2              if (!P2_0)
  23   2              {
  24   3                  printf("P2 is %d\n", P2_0);
  25   3              }
  26   2              else
  27   2              {
  28   3                  printf("P2 is High\n");
  29   3              }
  30   2          }
  31   1      }


MODULE INFORMATION:   STATIC OVERLAYABLE
   CODE SIZE        =     54    ----
   CONSTANT SIZE    =     22    ----
   XDATA SIZE       =   ----    ----
   PDATA SIZE       =   ----    ----
   DATA SIZE        =   ----    ----
   IDATA SIZE       =   ----    ----
   BIT SIZE         =   ----    ----
END OF MODULE INFORMATION.


C51 COMPILATION COMPLETE.  0 WARNING(S),  0 ERROR(S)
