C51 COMPILER V9.60.0.0   MAIN                                                              11/24/2022 20:30:14 PAGE 1   


C51 COMPILER V9.60.0.0, COMPILATION OF MODULE MAIN
OBJECT MODULE PLACED IN .\Objects\main.obj
COMPILER INVOKED BY: D:\keilc51\C51\BIN\C51.EXE main.c OPTIMIZE(8,SPEED) BROWSE DEBUG OBJECTEXTEND PRINT(.\Listings\main
                    -.lst) TABS(2) OBJECT(.\Objects\main.obj)

line level    source

   1          #include <regx52.h>
   2          unsigned int count = 0;
   3          void Timer_Interrput_Init();
   4          void main()
   5          {
   6   1          Timer_Interrput_Init();
   7   1          while (1)
   8   1              ;
   9   1      }
  10          
  11          void Timer_Interrput_Init()
  12          {
  13   1          TMOD = 0x01;
  14   1          TH0 = 0xfa;
  15   1          TL0 = 0x00;
  16   1          TR0 = 1;
  17   1          ET0 = 1;
  18   1          EA = 1;
  19   1      }
  20          void Timer_Intrrupt() interrupt 1
  21          {
  22   1          TH0 = 0xfa;
  23   1          TL0 = 0x00;
  24   1          ++count;
  25   1          if (count % 1000 == 0)
  26   1          {
  27   2              P2_0 = !P2_0;
  28   2          }
  29   1      }


MODULE INFORMATION:   STATIC OVERLAYABLE
   CODE SIZE        =     87    ----
   CONSTANT SIZE    =   ----    ----
   XDATA SIZE       =   ----    ----
   PDATA SIZE       =   ----    ----
   DATA SIZE        =      2    ----
   IDATA SIZE       =   ----    ----
   BIT SIZE         =   ----    ----
END OF MODULE INFORMATION.


C51 COMPILATION COMPLETE.  0 WARNING(S),  0 ERROR(S)
